{
  "stats": {
    "suites": 1,
    "tests": 32,
    "passes": 28,
    "pending": 0,
    "failures": 4,
    "start": "2021-01-18T01:33:43.675Z",
    "end": "2021-01-18T01:34:15.982Z",
    "duration": 32307,
    "testsRegistered": 32,
    "passPercent": 87.5,
    "pendingPercent": 0,
    "other": 0,
    "hasOther": false,
    "skipped": 0,
    "hasSkipped": false
  },
  "results": [
    {
      "uuid": "4fab196d-8112-41bc-a869-148a6a7856ef",
      "title": "",
      "fullFile": "cypress\\integration\\conversor.spec.js",
      "file": "cypress\\integration\\conversor.spec.js",
      "beforeHooks": [],
      "afterHooks": [],
      "tests": [],
      "suites": [
        {
          "uuid": "21665b5f-f8fe-4f98-ba4f-92b7b09299c1",
          "title": "Validação de Conversor de Decimal",
          "fullFile": "",
          "file": "",
          "beforeHooks": [],
          "afterHooks": [],
          "tests": [
            {
              "title": "Valores impossíveis de converter: -31645",
              "fullTitle": "Validação de Conversor de Decimal Valores impossíveis de converter: -31645",
              "timedOut": null,
              "duration": 695,
              "state": "passed",
              "speed": "slow",
              "pass": true,
              "fail": false,
              "pending": false,
              "context": null,
              "code": "",
              "err": {},
              "uuid": "17cdfb0e-bac6-471d-9bcc-83d781d376ae",
              "parentUUID": "21665b5f-f8fe-4f98-ba4f-92b7b09299c1",
              "isHook": false,
              "skipped": false
            },
            {
              "title": "Valores impossíveis de converter: -10001",
              "fullTitle": "Validação de Conversor de Decimal Valores impossíveis de converter: -10001",
              "timedOut": null,
              "duration": 447,
              "state": "passed",
              "speed": "slow",
              "pass": true,
              "fail": false,
              "pending": false,
              "context": null,
              "code": "",
              "err": {},
              "uuid": "400db1bb-ec3c-4392-a960-f7283c41c911",
              "parentUUID": "21665b5f-f8fe-4f98-ba4f-92b7b09299c1",
              "isHook": false,
              "skipped": false
            },
            {
              "title": "Valores impossíveis de converter: 10001",
              "fullTitle": "Validação de Conversor de Decimal Valores impossíveis de converter: 10001",
              "timedOut": null,
              "duration": 423,
              "state": "passed",
              "speed": "slow",
              "pass": true,
              "fail": false,
              "pending": false,
              "context": null,
              "code": "",
              "err": {},
              "uuid": "9a980023-26c3-457e-859b-1a6b72b5ab19",
              "parentUUID": "21665b5f-f8fe-4f98-ba4f-92b7b09299c1",
              "isHook": false,
              "skipped": false
            },
            {
              "title": "Valores impossíveis de converter: 31146",
              "fullTitle": "Validação de Conversor de Decimal Valores impossíveis de converter: 31146",
              "timedOut": null,
              "duration": 428,
              "state": "passed",
              "speed": "slow",
              "pass": true,
              "fail": false,
              "pending": false,
              "context": null,
              "code": "",
              "err": {},
              "uuid": "451a3d86-69fa-4e98-ad41-b78bc3d7ebe2",
              "parentUUID": "21665b5f-f8fe-4f98-ba4f-92b7b09299c1",
              "isHook": false,
              "skipped": false
            },
            {
              "title": "Valores impossíveis de converter: string",
              "fullTitle": "Validação de Conversor de Decimal Valores impossíveis de converter: string",
              "timedOut": null,
              "duration": 430,
              "state": "passed",
              "speed": "slow",
              "pass": true,
              "fail": false,
              "pending": false,
              "context": null,
              "code": "",
              "err": {},
              "uuid": "49891c06-044f-410d-b633-1e91e10eb8c7",
              "parentUUID": "21665b5f-f8fe-4f98-ba4f-92b7b09299c1",
              "isHook": false,
              "skipped": false
            },
            {
              "title": "Valores impossíveis de converter: 10,1",
              "fullTitle": "Validação de Conversor de Decimal Valores impossíveis de converter: 10,1",
              "timedOut": null,
              "duration": 428,
              "state": "passed",
              "speed": "slow",
              "pass": true,
              "fail": false,
              "pending": false,
              "context": null,
              "code": "",
              "err": {},
              "uuid": "3b07ef4d-e721-4fa4-8241-80ef6a3594ec",
              "parentUUID": "21665b5f-f8fe-4f98-ba4f-92b7b09299c1",
              "isHook": false,
              "skipped": false
            },
            {
              "title": "Valores impossíveis de converter:  ",
              "fullTitle": "Validação de Conversor de Decimal Valores impossíveis de converter:  ",
              "timedOut": null,
              "duration": 4728,
              "state": "failed",
              "speed": null,
              "pass": false,
              "fail": true,
              "pending": false,
              "context": "{\n  \"title\": \"Failed screenshot\",\n  \"value\": \"screenshots\\\\conversor.spec.js\\\\Validação de Conversor de Decimal -- Valores impossíveis de converter (failed).png\"\n}",
              "code": "",
              "err": {
                "message": "AssertionError: Timed out retrying after 4000ms: expected 'DM - QA Challenge :)' to have property 'extenso'",
                "estack": "AssertionError: Timed out retrying after 4000ms: expected 'DM - QA Challenge :)' to have property 'extenso'\n    at Context.eval (http://challengeqa.staging.devmuch.io/__cypress/tests?p=cypress\\integration\\conversor.spec.js:1129:47)",
                "diff": null
              },
              "uuid": "27de1ae2-88fb-43aa-b5df-fed78824cc78",
              "parentUUID": "21665b5f-f8fe-4f98-ba4f-92b7b09299c1",
              "isHook": false,
              "skipped": false
            },
            {
              "title": "Valores impossíveis de converter em inglês: -31645",
              "fullTitle": "Validação de Conversor de Decimal Valores impossíveis de converter em inglês: -31645",
              "timedOut": null,
              "duration": 435,
              "state": "passed",
              "speed": "slow",
              "pass": true,
              "fail": false,
              "pending": false,
              "context": null,
              "code": "",
              "err": {},
              "uuid": "0fd95858-650c-4211-a3ea-538962a7676d",
              "parentUUID": "21665b5f-f8fe-4f98-ba4f-92b7b09299c1",
              "isHook": false,
              "skipped": false
            },
            {
              "title": "Valores impossíveis de converter em inglês: -10001",
              "fullTitle": "Validação de Conversor de Decimal Valores impossíveis de converter em inglês: -10001",
              "timedOut": null,
              "duration": 426,
              "state": "passed",
              "speed": "slow",
              "pass": true,
              "fail": false,
              "pending": false,
              "context": null,
              "code": "",
              "err": {},
              "uuid": "f8568f18-eb6a-42c5-bb67-154607bf6f6d",
              "parentUUID": "21665b5f-f8fe-4f98-ba4f-92b7b09299c1",
              "isHook": false,
              "skipped": false
            },
            {
              "title": "Valores impossíveis de converter em inglês: 10001",
              "fullTitle": "Validação de Conversor de Decimal Valores impossíveis de converter em inglês: 10001",
              "timedOut": null,
              "duration": 424,
              "state": "passed",
              "speed": "slow",
              "pass": true,
              "fail": false,
              "pending": false,
              "context": null,
              "code": "",
              "err": {},
              "uuid": "9da13f13-bc4c-44ba-92d0-04c5caa9e5c2",
              "parentUUID": "21665b5f-f8fe-4f98-ba4f-92b7b09299c1",
              "isHook": false,
              "skipped": false
            },
            {
              "title": "Valores impossíveis de converter em inglês: 31146",
              "fullTitle": "Validação de Conversor de Decimal Valores impossíveis de converter em inglês: 31146",
              "timedOut": null,
              "duration": 440,
              "state": "passed",
              "speed": "slow",
              "pass": true,
              "fail": false,
              "pending": false,
              "context": null,
              "code": "",
              "err": {},
              "uuid": "f9ead7cf-a359-4278-b607-981bd863c593",
              "parentUUID": "21665b5f-f8fe-4f98-ba4f-92b7b09299c1",
              "isHook": false,
              "skipped": false
            },
            {
              "title": "Valores impossíveis de converter em inglês: string",
              "fullTitle": "Validação de Conversor de Decimal Valores impossíveis de converter em inglês: string",
              "timedOut": null,
              "duration": 425,
              "state": "passed",
              "speed": "slow",
              "pass": true,
              "fail": false,
              "pending": false,
              "context": null,
              "code": "",
              "err": {},
              "uuid": "da11652e-8fec-4445-83e8-523f6d2a2f9b",
              "parentUUID": "21665b5f-f8fe-4f98-ba4f-92b7b09299c1",
              "isHook": false,
              "skipped": false
            },
            {
              "title": "Valores impossíveis de converter em inglês: 10,1",
              "fullTitle": "Validação de Conversor de Decimal Valores impossíveis de converter em inglês: 10,1",
              "timedOut": null,
              "duration": 427,
              "state": "passed",
              "speed": "slow",
              "pass": true,
              "fail": false,
              "pending": false,
              "context": null,
              "code": "",
              "err": {},
              "uuid": "2f34a78b-243d-4c6f-853c-d257f1cd27bd",
              "parentUUID": "21665b5f-f8fe-4f98-ba4f-92b7b09299c1",
              "isHook": false,
              "skipped": false
            },
            {
              "title": "Valores impossíveis de converter em inglês:  ",
              "fullTitle": "Validação de Conversor de Decimal Valores impossíveis de converter em inglês:  ",
              "timedOut": null,
              "duration": 4706,
              "state": "failed",
              "speed": null,
              "pass": false,
              "fail": true,
              "pending": false,
              "context": "{\n  \"title\": \"Failed screenshot\",\n  \"value\": \"screenshots\\\\conversor.spec.js\\\\Validação de Conversor de Decimal -- Valores impossíveis de converter em inglês (failed).png\"\n}",
              "code": "",
              "err": {
                "message": "AssertionError: Timed out retrying after 4000ms: expected '<!DOCTYPE HTML PUBLIC \"-//W3C//DTD HTML 3.2 Final//EN\">\\n<title>404 Not Found</title>\\n<h1>Not Found</h1>\\n<p>The requested URL was not found on the server. If you entered the URL manually please check your spelling and try again.</p>\\n' to have property 'full'",
                "estack": "AssertionError: Timed out retrying after 4000ms: expected '<!DOCTYPE HTML PUBLIC \"-//W3C//DTD HTML 3.2 Final//EN\">\\n<title>404 Not Found</title>\\n<h1>Not Found</h1>\\n<p>The requested URL was not found on the server. If you entered the URL manually please check your spelling and try again.</p>\\n' to have property 'full'\n    at Context.eval (http://challengeqa.staging.devmuch.io/__cypress/tests?p=cypress\\integration\\conversor.spec.js:1125:47)",
                "diff": null
              },
              "uuid": "c1f43370-9fc5-4f09-8fd4-365361aab7f1",
              "parentUUID": "21665b5f-f8fe-4f98-ba4f-92b7b09299c1",
              "isHook": false,
              "skipped": false
            },
            {
              "title": "Valores possíveis de converter em português: -10000",
              "fullTitle": "Validação de Conversor de Decimal Valores possíveis de converter em português: -10000",
              "timedOut": null,
              "duration": 419,
              "state": "passed",
              "speed": "slow",
              "pass": true,
              "fail": false,
              "pending": false,
              "context": null,
              "code": "",
              "err": {},
              "uuid": "faa06714-1fd6-4e40-8288-985d13347216",
              "parentUUID": "21665b5f-f8fe-4f98-ba4f-92b7b09299c1",
              "isHook": false,
              "skipped": false
            },
            {
              "title": "Valores possíveis de converter em português: -9999",
              "fullTitle": "Validação de Conversor de Decimal Valores possíveis de converter em português: -9999",
              "timedOut": null,
              "duration": 431,
              "state": "passed",
              "speed": "slow",
              "pass": true,
              "fail": false,
              "pending": false,
              "context": null,
              "code": "",
              "err": {},
              "uuid": "10b221be-9960-44b0-95e3-a89c530ac34d",
              "parentUUID": "21665b5f-f8fe-4f98-ba4f-92b7b09299c1",
              "isHook": false,
              "skipped": false
            },
            {
              "title": "Valores possíveis de converter em português: 0001",
              "fullTitle": "Validação de Conversor de Decimal Valores possíveis de converter em português: 0001",
              "timedOut": null,
              "duration": 446,
              "state": "passed",
              "speed": "slow",
              "pass": true,
              "fail": false,
              "pending": false,
              "context": null,
              "code": "",
              "err": {},
              "uuid": "18727afc-05a2-41a6-a9e2-869d6d90bbe3",
              "parentUUID": "21665b5f-f8fe-4f98-ba4f-92b7b09299c1",
              "isHook": false,
              "skipped": false
            },
            {
              "title": "Valores possíveis de converter em português: 5",
              "fullTitle": "Validação de Conversor de Decimal Valores possíveis de converter em português: 5",
              "timedOut": null,
              "duration": 430,
              "state": "passed",
              "speed": "slow",
              "pass": true,
              "fail": false,
              "pending": false,
              "context": null,
              "code": "",
              "err": {},
              "uuid": "3fd084be-ce81-4eed-b885-41625ed3fa51",
              "parentUUID": "21665b5f-f8fe-4f98-ba4f-92b7b09299c1",
              "isHook": false,
              "skipped": false
            },
            {
              "title": "Valores possíveis de converter em português: 9999",
              "fullTitle": "Validação de Conversor de Decimal Valores possíveis de converter em português: 9999",
              "timedOut": null,
              "duration": 420,
              "state": "passed",
              "speed": "slow",
              "pass": true,
              "fail": false,
              "pending": false,
              "context": null,
              "code": "",
              "err": {},
              "uuid": "b78b4479-2dc5-4085-ba09-09d6370065cd",
              "parentUUID": "21665b5f-f8fe-4f98-ba4f-92b7b09299c1",
              "isHook": false,
              "skipped": false
            },
            {
              "title": "Valores possíveis de converter em português: 10000",
              "fullTitle": "Validação de Conversor de Decimal Valores possíveis de converter em português: 10000",
              "timedOut": null,
              "duration": 4692,
              "state": "failed",
              "speed": null,
              "pass": false,
              "fail": true,
              "pending": false,
              "context": "{\n  \"title\": \"Failed screenshot\",\n  \"value\": \"screenshots\\\\conversor.spec.js\\\\Validação de Conversor de Decimal -- Valores possíveis de converter em português 10000 (failed).png\"\n}",
              "code": "",
              "err": {
                "message": "AssertionError: Timed out retrying after 4000ms: expected { extenso: 'ten thousand' } to have property 'extenso' of 'dez mil', but got 'ten thousand'",
                "estack": "AssertionError: Timed out retrying after 4000ms: expected { extenso: 'ten thousand' } to have property 'extenso' of 'dez mil', but got 'ten thousand'\n    at Context.eval (http://challengeqa.staging.devmuch.io/__cypress/tests?p=cypress\\integration\\conversor.spec.js:1129:47)",
                "diff": "- 'ten thousand'\n+ 'dez mil'\n"
              },
              "uuid": "5d0ec17f-f4a9-4e8f-a9ed-8b87babb4f3c",
              "parentUUID": "21665b5f-f8fe-4f98-ba4f-92b7b09299c1",
              "isHook": false,
              "skipped": false
            },
            {
              "title": "Valores possíveis de converter em inglês: -10000",
              "fullTitle": "Validação de Conversor de Decimal Valores possíveis de converter em inglês: -10000",
              "timedOut": null,
              "duration": 4731,
              "state": "failed",
              "speed": null,
              "pass": false,
              "fail": true,
              "pending": false,
              "context": "{\n  \"title\": \"Failed screenshot\",\n  \"value\": \"screenshots\\\\conversor.spec.js\\\\Validação de Conversor de Decimal -- Valores possíveis de converter em inglês -10000 (failed).png\"\n}",
              "code": "",
              "err": {
                "message": "AssertionError: Timed out retrying after 4000ms: expected 'minus ten thousand' to have property 'full'",
                "estack": "AssertionError: Timed out retrying after 4000ms: expected 'minus ten thousand' to have property 'full'\n    at Context.eval (http://challengeqa.staging.devmuch.io/__cypress/tests?p=cypress\\integration\\conversor.spec.js:1125:47)",
                "diff": null
              },
              "uuid": "f985055a-8b69-4c15-9a17-0505877b90e6",
              "parentUUID": "21665b5f-f8fe-4f98-ba4f-92b7b09299c1",
              "isHook": false,
              "skipped": false
            },
            {
              "title": "Valores possíveis de converter em inglês: -9999",
              "fullTitle": "Validação de Conversor de Decimal Valores possíveis de converter em inglês: -9999",
              "timedOut": null,
              "duration": 421,
              "state": "passed",
              "speed": "slow",
              "pass": true,
              "fail": false,
              "pending": false,
              "context": null,
              "code": "",
              "err": {},
              "uuid": "63db0f9c-27ec-4b44-9b88-154df6232cfc",
              "parentUUID": "21665b5f-f8fe-4f98-ba4f-92b7b09299c1",
              "isHook": false,
              "skipped": false
            },
            {
              "title": "Valores possíveis de converter em inglês: 0001",
              "fullTitle": "Validação de Conversor de Decimal Valores possíveis de converter em inglês: 0001",
              "timedOut": null,
              "duration": 438,
              "state": "passed",
              "speed": "slow",
              "pass": true,
              "fail": false,
              "pending": false,
              "context": null,
              "code": "",
              "err": {},
              "uuid": "1c35f9a6-a6db-408a-a21d-b1b3e2e101f4",
              "parentUUID": "21665b5f-f8fe-4f98-ba4f-92b7b09299c1",
              "isHook": false,
              "skipped": false
            },
            {
              "title": "Valores possíveis de converter em inglês: 5",
              "fullTitle": "Validação de Conversor de Decimal Valores possíveis de converter em inglês: 5",
              "timedOut": null,
              "duration": 428,
              "state": "passed",
              "speed": "slow",
              "pass": true,
              "fail": false,
              "pending": false,
              "context": null,
              "code": "",
              "err": {},
              "uuid": "0de815d8-46a7-4749-a4ca-8f4f5bfcded5",
              "parentUUID": "21665b5f-f8fe-4f98-ba4f-92b7b09299c1",
              "isHook": false,
              "skipped": false
            },
            {
              "title": "Valores possíveis de converter em inglês: 9999",
              "fullTitle": "Validação de Conversor de Decimal Valores possíveis de converter em inglês: 9999",
              "timedOut": null,
              "duration": 420,
              "state": "passed",
              "speed": "slow",
              "pass": true,
              "fail": false,
              "pending": false,
              "context": null,
              "code": "",
              "err": {},
              "uuid": "7bc4c903-095d-4ec8-bf21-246d11fe70cd",
              "parentUUID": "21665b5f-f8fe-4f98-ba4f-92b7b09299c1",
              "isHook": false,
              "skipped": false
            },
            {
              "title": "Valores possíveis de converter em inglês: 10000",
              "fullTitle": "Validação de Conversor de Decimal Valores possíveis de converter em inglês: 10000",
              "timedOut": null,
              "duration": 419,
              "state": "passed",
              "speed": "slow",
              "pass": true,
              "fail": false,
              "pending": false,
              "context": null,
              "code": "",
              "err": {},
              "uuid": "36db9083-b0c0-41f0-ad51-0b7bdb361004",
              "parentUUID": "21665b5f-f8fe-4f98-ba4f-92b7b09299c1",
              "isHook": false,
              "skipped": false
            },
            {
              "title": "Métodos não permitidos do endpoint em português: POST",
              "fullTitle": "Validação de Conversor de Decimal Métodos não permitidos do endpoint em português: POST",
              "timedOut": null,
              "duration": 1438,
              "state": "passed",
              "speed": "slow",
              "pass": true,
              "fail": false,
              "pending": false,
              "context": null,
              "code": "",
              "err": {},
              "uuid": "8be06b1c-ec36-458b-a37a-03615cf722ab",
              "parentUUID": "21665b5f-f8fe-4f98-ba4f-92b7b09299c1",
              "isHook": false,
              "skipped": false
            },
            {
              "title": "Métodos não permitidos do endpoint em português: DELETE",
              "fullTitle": "Validação de Conversor de Decimal Métodos não permitidos do endpoint em português: DELETE",
              "timedOut": null,
              "duration": 441,
              "state": "passed",
              "speed": "slow",
              "pass": true,
              "fail": false,
              "pending": false,
              "context": null,
              "code": "",
              "err": {},
              "uuid": "df7cb00a-5d2b-4415-beb3-c2fe3ad558bd",
              "parentUUID": "21665b5f-f8fe-4f98-ba4f-92b7b09299c1",
              "isHook": false,
              "skipped": false
            },
            {
              "title": "Métodos não permitidos do endpoint em português: PUT",
              "fullTitle": "Validação de Conversor de Decimal Métodos não permitidos do endpoint em português: PUT",
              "timedOut": null,
              "duration": 440,
              "state": "passed",
              "speed": "slow",
              "pass": true,
              "fail": false,
              "pending": false,
              "context": null,
              "code": "",
              "err": {},
              "uuid": "21fb35da-1b1b-40a7-ab59-efca9236d247",
              "parentUUID": "21665b5f-f8fe-4f98-ba4f-92b7b09299c1",
              "isHook": false,
              "skipped": false
            },
            {
              "title": "Métodos não permitidos do endpoint em inglês: POST",
              "fullTitle": "Validação de Conversor de Decimal Métodos não permitidos do endpoint em inglês: POST",
              "timedOut": null,
              "duration": 421,
              "state": "passed",
              "speed": "slow",
              "pass": true,
              "fail": false,
              "pending": false,
              "context": null,
              "code": "",
              "err": {},
              "uuid": "5212c377-4710-4f62-8cf0-21c0ca82698e",
              "parentUUID": "21665b5f-f8fe-4f98-ba4f-92b7b09299c1",
              "isHook": false,
              "skipped": false
            },
            {
              "title": "Métodos não permitidos do endpoint em inglês: DELETE",
              "fullTitle": "Validação de Conversor de Decimal Métodos não permitidos do endpoint em inglês: DELETE",
              "timedOut": null,
              "duration": 422,
              "state": "passed",
              "speed": "slow",
              "pass": true,
              "fail": false,
              "pending": false,
              "context": null,
              "code": "",
              "err": {},
              "uuid": "744aa83c-20d5-4ebf-83f4-712a44ea228d",
              "parentUUID": "21665b5f-f8fe-4f98-ba4f-92b7b09299c1",
              "isHook": false,
              "skipped": false
            },
            {
              "title": "Métodos não permitidos do endpoint em inglês: PUT",
              "fullTitle": "Validação de Conversor de Decimal Métodos não permitidos do endpoint em inglês: PUT",
              "timedOut": null,
              "duration": 423,
              "state": "passed",
              "speed": "slow",
              "pass": true,
              "fail": false,
              "pending": false,
              "context": null,
              "code": "",
              "err": {},
              "uuid": "17e1cb6c-f52c-4a3a-aec2-a741e7f81c54",
              "parentUUID": "21665b5f-f8fe-4f98-ba4f-92b7b09299c1",
              "isHook": false,
              "skipped": false
            }
          ],
          "suites": [],
          "passes": [
            "17cdfb0e-bac6-471d-9bcc-83d781d376ae",
            "400db1bb-ec3c-4392-a960-f7283c41c911",
            "9a980023-26c3-457e-859b-1a6b72b5ab19",
            "451a3d86-69fa-4e98-ad41-b78bc3d7ebe2",
            "49891c06-044f-410d-b633-1e91e10eb8c7",
            "3b07ef4d-e721-4fa4-8241-80ef6a3594ec",
            "0fd95858-650c-4211-a3ea-538962a7676d",
            "f8568f18-eb6a-42c5-bb67-154607bf6f6d",
            "9da13f13-bc4c-44ba-92d0-04c5caa9e5c2",
            "f9ead7cf-a359-4278-b607-981bd863c593",
            "da11652e-8fec-4445-83e8-523f6d2a2f9b",
            "2f34a78b-243d-4c6f-853c-d257f1cd27bd",
            "faa06714-1fd6-4e40-8288-985d13347216",
            "10b221be-9960-44b0-95e3-a89c530ac34d",
            "18727afc-05a2-41a6-a9e2-869d6d90bbe3",
            "3fd084be-ce81-4eed-b885-41625ed3fa51",
            "b78b4479-2dc5-4085-ba09-09d6370065cd",
            "63db0f9c-27ec-4b44-9b88-154df6232cfc",
            "1c35f9a6-a6db-408a-a21d-b1b3e2e101f4",
            "0de815d8-46a7-4749-a4ca-8f4f5bfcded5",
            "7bc4c903-095d-4ec8-bf21-246d11fe70cd",
            "36db9083-b0c0-41f0-ad51-0b7bdb361004",
            "8be06b1c-ec36-458b-a37a-03615cf722ab",
            "df7cb00a-5d2b-4415-beb3-c2fe3ad558bd",
            "21fb35da-1b1b-40a7-ab59-efca9236d247",
            "5212c377-4710-4f62-8cf0-21c0ca82698e",
            "744aa83c-20d5-4ebf-83f4-712a44ea228d",
            "17e1cb6c-f52c-4a3a-aec2-a741e7f81c54"
          ],
          "failures": [
            "27de1ae2-88fb-43aa-b5df-fed78824cc78",
            "c1f43370-9fc5-4f09-8fd4-365361aab7f1",
            "5d0ec17f-f4a9-4e8f-a9ed-8b87babb4f3c",
            "f985055a-8b69-4c15-9a17-0505877b90e6"
          ],
          "pending": [],
          "skipped": [],
          "duration": 32142,
          "root": false,
          "rootEmpty": false,
          "_timeout": 2000
        }
      ],
      "passes": [],
      "failures": [],
      "pending": [],
      "skipped": [],
      "duration": 0,
      "root": true,
      "rootEmpty": true,
      "_timeout": 2000
    }
  ],
  "meta": {
    "mocha": {
      "version": "7.0.1"
    },
    "mochawesome": {
      "options": {
        "quiet": false,
        "reportFilename": "mochawesome",
        "saveHtml": false,
        "saveJson": true,
        "consoleReporter": "spec",
        "useInlineDiffs": false,
        "code": false
      },
      "version": "6.2.1"
    },
    "marge": {
      "options": {
        "reportDir": "cypress/results/json",
        "overwrite": "false",
        "html": false,
        "json": true,
        "reportPageTitle": "Relatório de testes automáticos",
        "reportTitle": "Relatório de testes automáticos",
        "showPassed": "true",
        "autoOpen": "false",
        "charts": "true",
        "code": "false"
      },
      "version": "5.1.0"
    }
  }
}